# JRE version: OpenJDK Runtime Environment Temurin-21.0.7+6 (21.0.7+6) (build 21.0.7+6-LTS)
# Java VM: OpenJDK 64-Bit Server VM Temurin-21.0.7+6 (21.0.7+6-LTS, mixed mode, sharing, tiered, compressed oops, compressed class ptrs, parallel gc, windows-amd64)
GC Precious Log:
 CardTable entry size: 512
 CPUs: 8 total, 8 available
 Memory: 32409M
 Large Page Support: Disabled
 NUMA Support: Disabled
 Compressed Oops: Enabled (32-bit)
 Alignments: Space 512K, Generation 512K, Heap 2M
 Heap Min Capacity: 100M
 Heap Initial Capacity: 100M
 Heap Max Capacity: 2G
 Pre-touch: Disabled
 Parallel Workers: 8
Heap:
 PSYoungGen      total 18944K, used 13869K [0x00000000d5580000, 0x00000000d7180000, 0x0000000100000000)
  eden space 16384K, 69% used [0x00000000d5580000,0x00000000d6092e40,0x00000000d6580000)
  from space 2560K, 98% used [0x00000000d6580000,0x00000000d67f87d0,0x00000000d6800000)
  to   space 6144K, 0% used [0x00000000d6b80000,0x00000000d6b80000,0x00000000d7180000)
 ParOldGen       total 384000K, used 383568K [0x0000000080000000, 0x0000000097700000, 0x00000000d5580000)
  object space 384000K, 99% used [0x0000000080000000,0x0000000097694230,0x0000000097700000)
 Metaspace       used 60155K, committed 61504K, reserved 1114112K
  class space    used 6693K, committed 7296K, reserved 1048576K
GC Heap History (20 events):
Event: 19.793 GC heap before
{Heap before GC invocations=425 (full 3):
 PSYoungGen      total 18432K, used 18347K [0x00000000d5580000, 0x00000000d6f00000, 0x0000000100000000)
  eden space 14336K, 100% used [0x00000000d5580000,0x00000000d6380000,0x00000000d6380000)
  from space 4096K, 97% used [0x00000000d6380000,0x00000000d676ae90,0x00000000d6780000)
  to   space 4608K, 0% used [0x00000000d6a80000,0x00000000d6a80000,0x00000000d6f00000)
 ParOldGen       total 360960K, used 360739K [0x0000000080000000, 0x0000000096080000, 0x00000000d5580000)
  object space 360960K, 99% used [0x0000000080000000,0x0000000096048ec8,0x0000000096080000)
 Metaspace       used 60037K, committed 61440K, reserved 1114112K
  class space    used 6685K, committed 7296K, reserved 1048576K
}
Event: 19.797 GC heap after
{Heap after GC invocations=425 (full 3):
 PSYoungGen      total 20480K, used 3039K [0x00000000d5580000, 0x00000000d6d80000, 0x0000000100000000)
  eden space 17408K, 0% used [0x00000000d5580000,0x00000000d5580000,0x00000000d6680000)
  from space 3072K, 98% used [0x00000000d6a80000,0x00000000d6d77cf8,0x00000000d6d80000)
  to   space 3584K, 0% used [0x00000000d6680000,0x00000000d6680000,0x00000000d6a00000)
 ParOldGen       total 365056K, used 364645K [0x0000000080000000, 0x0000000096480000, 0x00000000d5580000)
  object space 365056K, 99% used [0x0000000080000000,0x0000000096419450,0x0000000096480000)
 Metaspace       used 60037K, committed 61440K, reserved 1114112K
  class space    used 6685K, committed 7296K, reserved 1048576K
}
Event: 19.823 GC heap before
{Heap before GC invocations=426 (full 3):
 PSYoungGen      total 20480K, used 20447K [0x00000000d5580000, 0x00000000d6d80000, 0x0000000100000000)
  eden space 17408K, 100% used [0x00000000d5580000,0x00000000d6680000,0x00000000d6680000)
  from space 3072K, 98% used [0x00000000d6a80000,0x00000000d6d77cf8,0x00000000d6d80000)
  to   space 3584K, 0% used [0x00000000d6680000,0x00000000d6680000,0x00000000d6a00000)
 ParOldGen       total 365056K, used 364645K [0x0000000080000000, 0x0000000096480000, 0x00000000d5580000)
  object space 365056K, 99% used [0x0000000080000000,0x0000000096419450,0x0000000096480000)
 Metaspace       used 60041K, committed 61440K, reserved 1114112K
  class space    used 6685K, committed 7296K, reserved 1048576K
}
Event: 19.826 GC heap after
{Heap after GC invocations=426 (full 3):
 PSYoungGen      total 18944K, used 1127K [0x00000000d5580000, 0x00000000d6b00000, 0x0000000100000000)
  eden space 17408K, 0% used [0x00000000d5580000,0x00000000d5580000,0x00000000d6680000)
  from space 1536K, 73% used [0x00000000d6680000,0x00000000d6799fa8,0x00000000d6800000)
  to   space 2048K, 0% used [0x00000000d6900000,0x00000000d6900000,0x00000000d6b00000)
 ParOldGen       total 367616K, used 367520K [0x0000000080000000, 0x0000000096700000, 0x00000000d5580000)
  object space 367616K, 99% used [0x0000000080000000,0x00000000966e8348,0x0000000096700000)
 Metaspace       used 60041K, committed 61440K, reserved 1114112K
  class space    used 6685K, committed 7296K, reserved 1048576K
}
Event: 19.864 GC heap before
{Heap before GC invocations=427 (full 3):
 PSYoungGen      total 18944K, used 18535K [0x00000000d5580000, 0x00000000d6b00000, 0x0000000100000000)
  eden space 17408K, 100% used [0x00000000d5580000,0x00000000d6680000,0x00000000d6680000)
  from space 1536K, 73% used [0x00000000d6680000,0x00000000d6799fa8,0x00000000d6800000)
  to   space 2048K, 0% used [0x00000000d6900000,0x00000000d6900000,0x00000000d6b00000)
 ParOldGen       total 367616K, used 367520K [0x0000000080000000, 0x0000000096700000, 0x00000000d5580000)
  object space 367616K, 99% used [0x0000000080000000,0x00000000966e8348,0x0000000096700000)
 Metaspace       used 60041K, committed 61440K, reserved 1114112K
  class space    used 6685K, committed 7296K, reserved 1048576K
}
Event: 19.868 GC heap after
{Heap after GC invocations=427 (full 3):
 PSYoungGen      total 18432K, used 896K [0x00000000d5580000, 0x00000000d6a00000, 0x0000000100000000)
  eden space 17408K, 0% used [0x00000000d5580000,0x00000000d5580000,0x00000000d6680000)
  from space 1024K, 87% used [0x00000000d6900000,0x00000000d69e0000,0x00000000d6a00000)
  to   space 1536K, 0% used [0x00000000d6700000,0x00000000d6700000,0x00000000d6880000)
 ParOldGen       total 368640K, used 368493K [0x0000000080000000, 0x0000000096800000, 0x00000000d5580000)
  object space 368640K, 99% used [0x0000000080000000,0x00000000967db648,0x0000000096800000)
 Metaspace       used 60041K, committed 61440K, reserved 1114112K
  class space    used 6685K, committed 7296K, reserved 1048576K
}
Event: 19.900 GC heap before
{Heap before GC invocations=428 (full 3):
 PSYoungGen      total 18432K, used 18304K [0x00000000d5580000, 0x00000000d6a00000, 0x0000000100000000)
  eden space 17408K, 100% used [0x00000000d5580000,0x00000000d6680000,0x00000000d6680000)
  from space 1024K, 87% used [0x00000000d6900000,0x00000000d69e0000,0x00000000d6a00000)
  to   space 1536K, 0% used [0x00000000d6700000,0x00000000d6700000,0x00000000d6880000)
 ParOldGen       total 368640K, used 368493K [0x0000000080000000, 0x0000000096800000, 0x00000000d5580000)
  object space 368640K, 99% used [0x0000000080000000,0x00000000967db648,0x0000000096800000)
 Metaspace       used 60045K, committed 61440K, reserved 1114112K
  class space    used 6685K, committed 7296K, reserved 1048576K
}
Event: 19.903 GC heap after
{Heap after GC invocations=428 (full 3):
 PSYoungGen      total 18944K, used 544K [0x00000000d5580000, 0x00000000d6980000, 0x0000000100000000)
  eden space 17408K, 0% used [0x00000000d5580000,0x00000000d5580000,0x00000000d6680000)
  from space 1536K, 35% used [0x00000000d6700000,0x00000000d6788000,0x00000000d6880000)
  to   space 1024K, 0% used [0x00000000d6880000,0x00000000d6880000,0x00000000d6980000)
 ParOldGen       total 369664K, used 369261K [0x0000000080000000, 0x0000000096900000, 0x00000000d5580000)
  object space 369664K, 99% used [0x0000000080000000,0x000000009689b668,0x0000000096900000)
 Metaspace       used 60045K, committed 61440K, reserved 1114112K
  class space    used 6685K, committed 7296K, reserved 1048576K
}
Event: 19.946 GC heap before
{Heap before GC invocations=429 (full 3):
 PSYoungGen      total 18944K, used 17952K [0x00000000d5580000, 0x00000000d6980000, 0x0000000100000000)
  eden space 17408K, 100% used [0x00000000d5580000,0x00000000d6680000,0x00000000d6680000)
  from space 1536K, 35% used [0x00000000d6700000,0x00000000d6788000,0x00000000d6880000)
  to   space 1024K, 0% used [0x00000000d6880000,0x00000000d6880000,0x00000000d6980000)
 ParOldGen       total 369664K, used 369261K [0x0000000080000000, 0x0000000096900000, 0x00000000d5580000)
  object space 369664K, 99% used [0x0000000080000000,0x000000009689b668,0x0000000096900000)
 Metaspace       used 60045K, committed 61440K, reserved 1114112K
  class space    used 6685K, committed 7296K, reserved 1048576K
}
Event: 19.948 GC heap after
{Heap after GC invocations=429 (full 3):
 PSYoungGen      total 18432K, used 544K [0x00000000d5580000, 0x00000000d6980000, 0x0000000100000000)
  eden space 17408K, 0% used [0x00000000d5580000,0x00000000d5580000,0x00000000d6680000)
  from space 1024K, 53% used [0x00000000d6880000,0x00000000d6908000,0x00000000d6980000)
  to   space 1024K, 0% used [0x00000000d6780000,0x00000000d6780000,0x00000000d6880000)
 ParOldGen       total 369664K, used 369637K [0x0000000080000000, 0x0000000096900000, 0x00000000d5580000)
  object space 369664K, 99% used [0x0000000080000000,0x00000000968f9668,0x0000000096900000)
 Metaspace       used 60045K, committed 61440K, reserved 1114112K
  class space    used 6685K, committed 7296K, reserved 1048576K
}
Event: 19.990 GC heap before
{Heap before GC invocations=430 (full 3):
 PSYoungGen      total 18432K, used 17952K [0x00000000d5580000, 0x00000000d6980000, 0x0000000100000000)
  eden space 17408K, 100% used [0x00000000d5580000,0x00000000d6680000,0x00000000d6680000)
  from space 1024K, 53% used [0x00000000d6880000,0x00000000d6908000,0x00000000d6980000)
  to   space 1024K, 0% used [0x00000000d6780000,0x00000000d6780000,0x00000000d6880000)
 ParOldGen       total 369664K, used 369637K [0x0000000080000000, 0x0000000096900000, 0x00000000d5580000)
  object space 369664K, 99% used [0x0000000080000000,0x00000000968f9668,0x0000000096900000)
 Metaspace       used 60049K, committed 61440K, reserved 1114112K
  class space    used 6686K, committed 7296K, reserved 1048576K
}
Event: 19.993 GC heap after
{Heap after GC invocations=430 (full 3):
 PSYoungGen      total 18432K, used 1016K [0x00000000d5580000, 0x00000000d6a80000, 0x0000000100000000)
  eden space 17408K, 0% used [0x00000000d5580000,0x00000000d5580000,0x00000000d6680000)
  from space 1024K, 99% used [0x00000000d6780000,0x00000000d687e280,0x00000000d6880000)
  to   space 2048K, 0% used [0x00000000d6880000,0x00000000d6880000,0x00000000d6a80000)
 ParOldGen       total 370688K, used 370349K [0x0000000080000000, 0x0000000096a00000, 0x00000000d5580000)
  object space 370688K, 99% used [0x0000000080000000,0x00000000969ab4e8,0x0000000096a00000)
 Metaspace       used 60049K, committed 61440K, reserved 1114112K
  class space    used 6686K, committed 7296K, reserved 1048576K
}
Event: 20.026 GC heap before
{Heap before GC invocations=431 (full 3):
 PSYoungGen      total 18432K, used 18424K [0x00000000d5580000, 0x00000000d6a80000, 0x0000000100000000)
  eden space 17408K, 100% used [0x00000000d5580000,0x00000000d6680000,0x00000000d6680000)
  from space 1024K, 99% used [0x00000000d6780000,0x00000000d687e280,0x00000000d6880000)
  to   space 2048K, 0% used [0x00000000d6880000,0x00000000d6880000,0x00000000d6a80000)
 ParOldGen       total 370688K, used 370349K [0x0000000080000000, 0x0000000096a00000, 0x00000000d5580000)
  object space 370688K, 99% used [0x0000000080000000,0x00000000969ab4e8,0x0000000096a00000)
 Metaspace       used 60049K, committed 61440K, reserved 1114112K
  class space    used 6686K, committed 7296K, reserved 1048576K
}
Event: 20.029 GC heap after
{Heap after GC invocations=431 (full 3):
 PSYoungGen      total 18432K, used 2016K [0x00000000d5580000, 0x00000000d6c80000, 0x0000000100000000)
  eden space 16384K, 0% used [0x00000000d5580000,0x00000000d5580000,0x00000000d6580000)
  from space 2048K, 98% used [0x00000000d6880000,0x00000000d6a78200,0x00000000d6a80000)
  to   space 3072K, 0% used [0x00000000d6580000,0x00000000d6580000,0x00000000d6880000)
 ParOldGen       total 371200K, used 371021K [0x0000000080000000, 0x0000000096a80000, 0x00000000d5580000)
  object space 371200K, 99% used [0x0000000080000000,0x0000000096a534e8,0x0000000096a80000)
 Metaspace       used 60049K, committed 61440K, reserved 1114112K
  class space    used 6686K, committed 7296K, reserved 1048576K
}
Event: 20.064 GC heap before
{Heap before GC invocations=432 (full 3):
 PSYoungGen      total 18432K, used 18400K [0x00000000d5580000, 0x00000000d6c80000, 0x0000000100000000)
  eden space 16384K, 100% used [0x00000000d5580000,0x00000000d6580000,0x00000000d6580000)
  from space 2048K, 98% used [0x00000000d6880000,0x00000000d6a78200,0x00000000d6a80000)
  to   space 3072K, 0% used [0x00000000d6580000,0x00000000d6580000,0x00000000d6880000)
 ParOldGen       total 371200K, used 371021K [0x0000000080000000, 0x0000000096a80000, 0x00000000d5580000)
  object space 371200K, 99% used [0x0000000080000000,0x0000000096a534e8,0x0000000096a80000)
 Metaspace       used 60049K, committed 61440K, reserved 1114112K
  class space    used 6686K, committed 7296K, reserved 1048576K
}
Event: 20.068 GC heap after
{Heap after GC invocations=432 (full 3):
 PSYoungGen      total 18944K, used 2483K [0x00000000d5580000, 0x00000000d6a80000, 0x0000000100000000)
  eden space 16384K, 0% used [0x00000000d5580000,0x00000000d5580000,0x00000000d6580000)
  from space 2560K, 96% used [0x00000000d6580000,0x00000000d67ecc00,0x00000000d6800000)
  to   space 2560K, 0% used [0x00000000d6800000,0x00000000d6800000,0x00000000d6a80000)
 ParOldGen       total 372736K, used 372395K [0x0000000080000000, 0x0000000096c00000, 0x00000000d5580000)
  object space 372736K, 99% used [0x0000000080000000,0x0000000096baae30,0x0000000096c00000)
 Metaspace       used 60049K, committed 61440K, reserved 1114112K
  class space    used 6686K, committed 7296K, reserved 1048576K
}
Event: 20.112 GC heap before
{Heap before GC invocations=433 (full 3):
 PSYoungGen      total 18944K, used 18867K [0x00000000d5580000, 0x00000000d6a80000, 0x0000000100000000)
  eden space 16384K, 100% used [0x00000000d5580000,0x00000000d6580000,0x00000000d6580000)
  from space 2560K, 96% used [0x00000000d6580000,0x00000000d67ecc00,0x00000000d6800000)
  to   space 2560K, 0% used [0x00000000d6800000,0x00000000d6800000,0x00000000d6a80000)
 ParOldGen       total 372736K, used 372395K [0x0000000080000000, 0x0000000096c00000, 0x00000000d5580000)
  object space 372736K, 99% used [0x0000000080000000,0x0000000096baae30,0x0000000096c00000)
 Metaspace       used 60049K, committed 61440K, reserved 1114112K
  class space    used 6686K, committed 7296K, reserved 1048576K
}
Event: 20.120 GC heap after
{Heap after GC invocations=433 (full 3):
 PSYoungGen      total 18944K, used 2071K [0x00000000d5580000, 0x00000000d6a80000, 0x0000000100000000)
  eden space 16384K, 0% used [0x00000000d5580000,0x00000000d5580000,0x00000000d6580000)
  from space 2560K, 80% used [0x00000000d6800000,0x00000000d6a05e10,0x00000000d6a80000)
  to   space 2560K, 0% used [0x00000000d6580000,0x00000000d6580000,0x00000000d6800000)
 ParOldGen       total 380928K, used 380906K [0x0000000080000000, 0x0000000097400000, 0x00000000d5580000)
  object space 380928K, 99% used [0x0000000080000000,0x00000000973faab8,0x0000000097400000)
 Metaspace       used 60049K, committed 61440K, reserved 1114112K
  class space    used 6686K, committed 7296K, reserved 1048576K
}
Event: 20.186 GC heap before
{Heap before GC invocations=434 (full 3):
 PSYoungGen      total 18944K, used 14161K [0x00000000d5580000, 0x00000000d6a80000, 0x0000000100000000)
  eden space 16384K, 73% used [0x00000000d5580000,0x00000000d614e608,0x00000000d6580000)
  from space 2560K, 80% used [0x00000000d6800000,0x00000000d6a05e10,0x00000000d6a80000)
  to   space 2560K, 0% used [0x00000000d6580000,0x00000000d6580000,0x00000000d6800000)
 ParOldGen       total 380928K, used 380906K [0x0000000080000000, 0x0000000097400000, 0x00000000d5580000)
  object space 380928K, 99% used [0x0000000080000000,0x00000000973faab8,0x0000000097400000)
 Metaspace       used 60092K, committed 61504K, reserved 1114112K
  class space    used 6687K, committed 7296K, reserved 1048576K
}
Event: 20.192 GC heap after
{Heap after GC invocations=434 (full 3):
 PSYoungGen      total 18944K, used 2529K [0x00000000d5580000, 0x00000000d7180000, 0x0000000100000000)
  eden space 16384K, 0% used [0x00000000d5580000,0x00000000d5580000,0x00000000d6580000)
  from space 2560K, 98% used [0x00000000d6580000,0x00000000d67f87d0,0x00000000d6800000)
  to   space 6144K, 0% used [0x00000000d6b80000,0x00000000d6b80000,0x00000000d7180000)
 ParOldGen       total 384000K, used 383568K [0x0000000080000000, 0x0000000097700000, 0x00000000d5580000)
  object space 384000K, 99% used [0x0000000080000000,0x0000000097694230,0x0000000097700000)
 Metaspace       used 60092K, committed 61504K, reserved 1114112K
  class space    used 6687K, committed 7296K, reserved 1048576K
}

